current directory: /home/chris/src/puppetsync/_repos/rubygem-simp-rake-helpers/.vendor/ruby/2.7.0/gems/ed25519-1.3.0/ext/ed25519_ref10
/opt/puppetlabs/bolt/bin/ruby -I /opt/puppetlabs/bolt/lib/ruby/2.7.0 -r ./siteconf20230327-1738070-xvjixv.rb extconf.rb
creating Makefile

current directory: /home/chris/src/puppetsync/_repos/rubygem-simp-rake-helpers/.vendor/ruby/2.7.0/gems/ed25519-1.3.0/ext/ed25519_ref10
make "DESTDIR=" clean

current directory: /home/chris/src/puppetsync/_repos/rubygem-simp-rake-helpers/.vendor/ruby/2.7.0/gems/ed25519-1.3.0/ext/ed25519_ref10
make "DESTDIR="
compiling ed25519_ref10.c
compiling fe.c
compiling ge.c
compiling keypair.c
compiling open.c
compiling sc_muladd.c
compiling sc_reduce.c
compiling sha512.c
compiling sign.c
compiling verify.c
linking shared-object ed25519_ref10.so

current directory: /home/chris/src/puppetsync/_repos/rubygem-simp-rake-helpers/.vendor/ruby/2.7.0/gems/ed25519-1.3.0/ext/ed25519_ref10
make "DESTDIR=" install
/usr/bin/install -c -m 0755 ed25519_ref10.so ./.gem.20230327-1738070-zaw80d
